G4BL_DIR=C:\Program Files\Muons, Inc\G4beamline
G4LEDATA=C:\Geant4Data/G4EMLOW8.0
G4ENSDFSTATEDATA=C:\Geant4Data/G4ENSDFSTATE2.3
G4PARTICLEXSDATA=C:\Geant4Data/G4PARTICLEXS4.0
G4LEVELGAMMADATA=C:\Geant4Data/PhotonEvaporation5.7
G4RADIOACTIVEDATA=C:\Geant4Data/RadioactiveDecay5.6
G4beamline Process ID 14764

*************************************************************
 g4beamline version: 3.08                        (Oct  8 2022)
                      Copyright : Tom Roberts, Muons, Inc.
                        License : Gnu Public License
                            WWW : http://g4beamline.muonsinc.com
**************************************************************
 Geant4 version Name: geant4-11-00-patch-03 [MT]   (16-September-2022)
                       Copyright : Geant4 Collaboration
                      References : NIM A 506 (2003), 250-303
                                 : IEEE-TNS 53 (2006), 270-278
                                 : NIM A 835 (2016), 186-225
                             WWW : http://geant4.org/
**************************************************************

param        viewer        best,10
geometry                   nPoints=100 printGeometry=0 visual=0
                           tolerance=0.002
param        zbegin        0.0
start                      x=0 y=0 z=0 initialZ=0 rotation= radiusCut=300
                           ring=0
param        steppingFormat N,GLOBAL,CL,STEP,VOL,PROCESS,P,KE,POLAR,B
param        fieldVoxels   400,400,400
param        maxStep       0.5
param        minRangeCut   1
G4PhysListFactory::GetReferencePhysList <QGSP_BERT>  EMoption= 0
<<< Geant4 Physics List simulation engine: QGSP_BERT


physics      QGSP_BERT     disable= inactivate= deactivate= doStochastics=1
                           fluct=1 minRangeCut=1 list=0 gammaToMuPair=0
                           spinTracking=1 synchrotronRadiation=1
                           synchrotronRadiationMuon=0 maxTime=1e+06
trackcuts                  kill= keep=mu-,mu+ killSecondaries=0
                           kineticEnergyCut=0 kineticEnergyMax=1.798e+308
                           maxTime=1e+06 keepPrimaries=0 steppingVerbose=0
particlecolor              proton=1,1,1
particlecolor              pi+=0,1,0
particlecolor              mu+=1,0.5,0
particlecolor              mu-=0,1,0
particlecolor              e+=1,0,0
particlecolor              gamma=0,0,1
particlecolor              e-=1,0.5,0
param        nparticles    50000
param        beamfile      particles_before.txt
beam    ASCII   nEvents=50000 firstEvent=-1 lastEvent=2147483647 beamZ=0.0 maxR=1000000.0 renumber=0 weight=1.000000 
		filename=particles_before.txt format=BLTrackFile 
		
material Diamond1 Mixture: 1.00*C
                density=3.510 temperature=273 pressure=1.0
param        pi            3.141592654
param        degrad        0.017453293
param        abshgt        10
param        abswidth      100
param        absLEN3       18.0
param        abshalfangle3 45.0
param        absoffset3    3.2
param        wedge_z       9
extrusion    LHextrDS3     length=100 vertices=0,0;
                           -18.0/2,18.0/2/tan(45.0*0.017453293); -18.0/2,10;
                           0,10 scale1=1 scale2=1 maxStep=0.1
                           material=Diamond1 color=1,0,1 kill=0 vertexes=0,0;
                           -18.0/2,18.0/2/tan(45.0*0.017453293); -18.0/2,10;
                           0,10
extrusion    LHextrUS3     length=100 vertices=0,0; 0,10; 18.0/2,10;
                           18.0/2,18.0/2/tan(45.0*0.017453293) scale1=1
                           scale2=1 maxStep=0.1 material=Diamond1 color=1,0,1
                           kill=0 vertexes=0,0; 0,10; 18.0/2,10;
                           18.0/2,18.0/2/tan(45.0*0.017453293)
param        VDRad         60.0
virtualdetector VD         radius=60 innerRadius=0 height=120 width=120
                           length=0.2 maxStep=0.5 material= color=1,1,1
                           noSingles=0 format=asciiextended filename= file=
                           require= referenceParticle=0 coordinates=centerline
                           kill=0
param        wedgeAxis     0
param        noWedge       0
place   LHextrDS3 copies=1 x=3.2 y=0.0 z=9.0 rotation='Z90,Y00,X90'
place   LHextrUS3 copies=1 x=3.2 y=0.0 z=9.0 rotation='Z90,Y00,X90'
param        outname       particles_after
place   VD      copies=1 x=0.0 y=0.0 z=19.1 rename='particles_after'

World size (before incrementing by 201.357 mm): 120.0 H  120.0 W  38.4 L

PARAMETERS:
          VDRad=60.0
            Zcl=19.2
        absLEN3=18.0
  abshalfangle3=45.0
         abshgt=10
     absoffset3=3.2
       abswidth=100
       beamfile=particles_before.txt
         degrad=0.017453293
     deltaChord=3.0
deltaIntersection=0.1
   deltaOneStep=0.01
         epsMax=0.05
         epsMin=2.5e-7
 eventTimeLimit=30
    fieldVoxels=400,400,400
      histoFile=g4beamline
    histoUpdate=0
        maxStep=0.5
    minRangeCut=1
        minStep=0.01
        noWedge=0
     nparticles=50000
        outname=particles_after
             pi=3.141592654
 steppingFormat=N,GLOBAL,CL,STEP,VOL,PROCESS,P,KE,POLAR,B
steppingVerbose=0
         viewer=best,10
 wallClockLimit=-1
      wedgeAxis=0
        wedge_z=9
  worldMaterial=Vacuum
     zTolerance=2.0
         zbegin=0.0
Checking overlaps for volume LHextrDS3:0 (G4ExtrudedSolid) ... OK! 
BLCMDextrusion::Construct LHextrDS3 parent= relZ=9.0 globZ=9.0
	zmin=-41.0 zmax=59.0 kill=0
Checking overlaps for volume LHextrUS3:0 (G4ExtrudedSolid) ... OK! 
BLCMDextrusion::Construct LHextrUS3 parent= relZ=9.0 globZ=9.0
	zmin=-41.0 zmax=59.0 kill=0
Checking overlaps for volume particles_after:0 (G4Tubs) ... OK! 
BLCMDvirtualdetector::Construct particles_after parent= relZ=19.1 globZ=19.1
### Adding tracking cuts for neutron  TimeCut(ns)= 10000  KinEnergyCut(MeV)= 0

Geometry test nPoints=100 tolerance=0.002 mm:
Testing geometry for children of group 'World':
Total geometry errors = 0  0 seconds

================== Prepare Visualization ==================
Stochastic processes are enabled.
Available UI session types: [ Qt, Win32, csh ]
Visualization Manager instantiating with verbosity "warnings (3)"...
Visualization Manager initialising...
Registering graphics systems...

You have successfully registered the following graphics systems.
Registered graphics systems are:
  ASCIITree (ATree)
  DAWNFILE (DAWNFILE)
  G4HepRepFile (HepRepFile)
  RayTracer (RayTracer)
  VRML2FILE (VRML2FILE)
  gMocrenFile (gMocrenFile)
  OpenGLImmediateQt (OGLIQt, OGLI)
  OpenGLStoredQt (OGLSQt, OGL, OGLS)
  OpenGLImmediateWin32 (OGLIWin32, OGLIQt_FALLBACK)
  OpenGLStoredWin32 (OGLSWin32, OGLSQt_FALLBACK)

Registering model factories...

You have successfully registered the following model factories.
Registered model factories:
  generic
  drawByAttribute
  drawByCharge
  drawByOriginVolume
  drawByParticleID
  drawByEncounteredVolume

Registered models:
  None

Registered filter factories:
  attributeFilter
  chargeFilter
  originVolumeFilter
  particleFilter
  encounteredVolumeFilter

Registered filters:
  None

You have successfully registered the following user vis actions.
Run Duration User Vis Actions: none
End of Event User Vis Actions: none
End of Run User Vis Actions: none

Some /vis commands (optionally) take a string to specify colour.
"/vis/list" to see available colours.

Selected visualization viewer: Qt
BLVisManager init: /vis/open OGLSQt
BLVisManager init: /vis/viewer/set/auxiliaryEdge true
BLVisManager init: /vis/viewer/set/style surface
BLVisManager init: /vis/viewer/set/viewpointThetaPhi 0 0 deg
BLVisManager init: /vis/drawVolume
BLVisManager init: /tracking/storeTrajectory 1
BLVisManager init: /vis/scene/add/trajectories
/tracking/storeTrajectory 1
Attributes available for modeling and filtering with
  "/vis/modeling/trajectories/create/drawByAttribute" and
  "/vis/filtering/trajectories/create/attributeFilter" commands:
G4TrajectoriesModel:
  Event ID (EventID): G4int
  Run ID (RunID): G4int
G4Trajectory:
  Charge (Ch): unit: e+ (G4double)
  Track ID (ID): G4int
  Initial kinetic energy (IKE): G4BestUnit (G4double)
  Initial momentum magnitude (IMag): G4BestUnit (G4double)
  Initial momentum (IMom): G4BestUnit (G4ThreeVector)
  No. of points (NTP): G4int
  PDG Encoding (PDG): G4int
  Parent ID (PID): G4int
  Particle Name (PN): G4String
G4TrajectoryPoint:
  Position (Pos): G4BestUnit (G4ThreeVector)
WARNING: Trajectory storing has been requested.  This action may be
  reversed with "/tracking/storeTrajectory 0".
BLVisManager init: /vis/scene/endOfEventAction accumulate -1
WARNING: The vis manager will keep an unlimited number of events.
  This may use a lot of memory.
  It may be changed with, e.g., "/vis/scene/endOfEventAction accumulate 10".
BLVisManager init: /vis/viewer/set/hiddenMarker true

WARNING: No extent set for user vis action "DrawMarkers".
WARNING: User Vis Action "DrawMarkers" extent is null.
 Changing export format to "jpg"
WARNING: Viewpoint direction is very close to the up vector direction.
  Change the up vector or "/vis/viewer/set/rotationStyle freeRotation".
SynRad:  Incoherent Synchrotron Radiation
Good description for long magnets at all energies.
100 events have been kept for refreshing and/or reviewing.
  "/vis/reviewKeptEvents" to review them one by one.
  "/vis/enable", then "/vis/viewer/flush" or "/vis/viewer/rebuild" to see them accumulated.

Graphics systems deleted.
Visualization Manager deleting...

Exceptions: 0 Fatal, 0 Events Aborted, 0 Stuck Tracks (stopped), 0 Warnings
g4beamline: simulation complete
